==69796== Memcheck, a memory error detector
==69796== Copyright (C) 2002-2017, and GNU GPL'd, by Julian Seward et al.
==69796== Using Valgrind-3.18.1 and LibVEX; rerun with -h for copyright info
==69796== Command: ./students
==69796== Parent PID: 16528
==69796== 
==69796== 
==69796== HEAP SUMMARY:
==69796==     in use at exit: 908,523 bytes in 18,354 blocks
==69796==   total heap usage: 200,002 allocs, 181,648 frees, 9,904,568 bytes allocated
==69796== 
==69796== 146,832 bytes in 9,177 blocks are still reachable in loss record 1 of 2
==69796==    at 0x4848899: malloc (in /usr/libexec/valgrind/vgpreload_memcheck-amd64-linux.so)
==69796==    by 0x1092EB: push (students.c:69)
==69796==    by 0x109564: init (students.c:131)
==69796==    by 0x109679: main (students.c:173)
==69796==    by 0x4893D8F: __libc_start_call_main (libc_start_call_main.h:58)
==69796==    by 0x4893E3F: __libc_start_main@@GLIBC_2.34 (libc-start.c:392)
==69796==    by 0x1091A4: _start (in /home/gal/bootcamp/check-point/day1/checkpoint-galmalka122/students)
==69796==    by 0x1FFEFFFFF7: ???
==69796==    by 0x1B: ???
==69796== 
==69796== 761,691 bytes in 9,177 blocks are still reachable in loss record 2 of 2
==69796==    at 0x4848899: malloc (in /usr/libexec/valgrind/vgpreload_memcheck-amd64-linux.so)
==69796==    by 0x109500: init (students.c:129)
==69796==    by 0x109679: main (students.c:173)
==69796==    by 0x4893D8F: __libc_start_call_main (libc_start_call_main.h:58)
==69796==    by 0x4893E3F: __libc_start_main@@GLIBC_2.34 (libc-start.c:392)
==69796==    by 0x1091A4: _start (in /home/gal/bootcamp/check-point/day1/checkpoint-galmalka122/students)
==69796==    by 0x1FFEFFFFF7: ???
==69796==    by 0x1B: ???
==69796== 
==69796== LEAK SUMMARY:
==69796==    definitely lost: 0 bytes in 0 blocks
==69796==    indirectly lost: 0 bytes in 0 blocks
==69796==      possibly lost: 0 bytes in 0 blocks
==69796==    still reachable: 908,523 bytes in 18,354 blocks
==69796==         suppressed: 0 bytes in 0 blocks
==69796== 
==69796== For lists of detected and suppressed errors, rerun with: -s
==69796== ERROR SUMMARY: 0 errors from 0 contexts (suppressed: 0 from 0)
